<?xml version="1.0" encoding="UTF-8"?>
<!-- Generated by org.testng.reporters.JUnitReportReporter -->
<testsuite hostname="DESKTOP-1ILH4UB" failures="0" tests="1" name="com.imf.qa.test.imfHomePageTest1" time="2.850" errors="0" timestamp="2020-02-11T00:27:51 IST" skipped="0">
  <testcase classname="com.imf.qa.test.imfHomePageTest1" name="imfpagetitletest" time="2.850"/>
</testsuite> <!-- com.imf.qa.test.imfHomePageTest1 -->
