<?xml version="1.0" encoding="UTF-8"?>
<!-- Generated by org.testng.reporters.JUnitReportReporter -->
<testsuite hostname="INFPHSZA07218" failures="0" tests="1" name="com.imf.qa.test.imfHomePageTest_with_excel_testdata" time="2.417" errors="0" timestamp="2020-02-20T15:44:28 IST" skipped="0">
  <testcase classname="com.imf.qa.test.imfHomePageTest_with_excel_testdata" name="imfpagetitletest_excel" time="2.417"/>
</testsuite> <!-- com.imf.qa.test.imfHomePageTest_with_excel_testdata -->
