<?xml version="1.0" encoding="UTF-8"?>
<!-- Generated by org.testng.reporters.JUnitReportReporter -->
<testsuite hostname="Debashish" name="projects.demaut.tests.foxtest" tests="1" failures="0" timestamp="23 Dec 2019 13:41:05 GMT" time="3.717" errors="0">
  <testcase name="test1" time="3.717" classname="projects.demaut.tests.foxtest"/>
</testsuite> <!-- projects.demaut.tests.foxtest -->
