<?xml version="1.0" encoding="UTF-8"?>
<!-- Generated by org.testng.reporters.JUnitReportReporter -->
<testsuite hostname="INFPHSZA07218" failures="0" tests="1" name="com.imf.qa.test.redshiftdbtest" time="47.037" errors="0" timestamp="2020-03-17T23:28:03 IST" skipped="0">
  <testcase classname="com.imf.qa.test.redshiftdbtest" name="redshifttest" time="47.037"/>
</testsuite> <!-- com.imf.qa.test.redshiftdbtest -->
