<?xml version="1.0" encoding="UTF-8"?>
<!-- Generated by org.testng.reporters.JUnitReportReporter -->
<testsuite hostname="INFPHSZA07218" failures="0" tests="1" name="com.imf.qa.test.memsqldbtest" time="3.421" errors="0" timestamp="2020-03-12T16:50:13 IST" skipped="0">
  <testcase classname="com.imf.qa.test.memsqldbtest" name="memsqltest" time="3.421"/>
</testsuite> <!-- com.imf.qa.test.memsqldbtest -->
