<?xml version="1.0" encoding="UTF-8"?>
<!-- Generated by org.testng.reporters.JUnitReportReporter -->
<testsuite hostname="INFPHSZA07218" failures="0" tests="1" name="com.imf.qa.test.redshiftdbtest" time="63.781" errors="0" timestamp="2020-02-14T18:58:26 IST" skipped="0">
  <testcase classname="com.imf.qa.test.redshiftdbtest" name="mysqltest" time="63.781"/>
</testsuite> <!-- com.imf.qa.test.redshiftdbtest -->
