<?xml version="1.0" encoding="UTF-8"?>
<!-- Generated by org.testng.reporters.JUnitReportReporter -->
<testsuite hostname="DESKTOP-1ILH4UB" failures="0" tests="1" name="com.imf.qa.test.imfHomePageTest_with_excel_testdata" time="3.095" errors="0" timestamp="2020-02-11T00:30:37 IST" skipped="0">
  <testcase classname="com.imf.qa.test.imfHomePageTest_with_excel_testdata" name="imfpagetitletest" time="3.095"/>
</testsuite> <!-- com.imf.qa.test.imfHomePageTest_with_excel_testdata -->
