<?xml version="1.0" encoding="UTF-8"?>
<!-- Generated by org.testng.reporters.JUnitReportReporter -->
<testsuite hostname="INFPHSZA07218" failures="0" tests="1" name="com.imf.qa.test.imfHomePageTest_with_excel_testdata" time="1.390" errors="0" timestamp="2020-02-13T20:28:08 IST" skipped="0">
  <testcase classname="com.imf.qa.test.imfHomePageTest_with_excel_testdata" name="imfpagetitletest_excel" time="1.390"/>
</testsuite> <!-- com.imf.qa.test.imfHomePageTest_with_excel_testdata -->
