<?xml version="1.0" encoding="UTF-8"?>
<!-- Generated by org.testng.reporters.JUnitReportReporter -->
<testsuite hostname="DESKTOP-1ILH4UB" failures="0" tests="1" name="com.imf.qa.test.imfHomePageTest" time="3.197" errors="0" timestamp="2020-02-10T23:25:53 IST" skipped="0">
  <testcase classname="com.imf.qa.test.imfHomePageTest" name="imfpagetitletest" time="3.197"/>
</testsuite> <!-- com.imf.qa.test.imfHomePageTest -->
