<?xml version="1.0" encoding="UTF-8"?>
<!-- Generated by org.testng.reporters.JUnitReportReporter -->
<testsuite hostname="INFPHSZA07218" failures="0" tests="1" name="projects.demaut.tests.imfhomeTest" time="132.213" errors="0" timestamp="14 Jan 2020 13:54:56 GMT">
  <testcase classname="projects.demaut.tests.imfhomeTest" name="test1" time="132.213"/>
</testsuite> <!-- projects.demaut.tests.imfhomeTest -->
