<?xml version="1.0" encoding="UTF-8"?>
<!-- Generated by org.testng.reporters.JUnitReportReporter -->
<testsuite hostname="INFPHSZA07218" failures="0" tests="1" name="com.imf.qa.test.mysqldbtest" time="0.750" errors="0" timestamp="2020-02-27T16:50:07 IST" skipped="0">
  <testcase classname="com.imf.qa.test.mysqldbtest" name="mysqltest" time="0.750"/>
</testsuite> <!-- com.imf.qa.test.mysqldbtest -->
