<?xml version="1.0" encoding="UTF-8"?>
<!-- Generated by org.testng.reporters.JUnitReportReporter -->
<testsuite hostname="Debashish" name="projects.demaut.tests.flightfinderTest" tests="1" failures="0" timestamp="23 Dec 2019 12:54:39 GMT" time="0.522" errors="0">
  <testcase name="test1" time="0.522" classname="projects.demaut.tests.flightfinderTest"/>
</testsuite> <!-- projects.demaut.tests.flightfinderTest -->
